# VHS Tape for Testing Workflow
# Demonstrates /craft:test:run command

Output docs/gifs/workflow-05-testing.gif

Set Shell "bash"
Set FontSize 14
Set Width 1200
Set Height 600
Set TypingSpeed 50ms
Set Theme "Catppuccin Mocha"

Type "# Testing Workflow Demo"
Sleep 1s
Enter
Sleep 500ms

Type "# Scenario: Run tests with debug mode for detailed output"
Sleep 1s
Enter
Sleep 500ms

Type "/craft:test:run debug"
Sleep 500ms
Enter
Sleep 2s

Type ""
Sleep 500ms
Enter
Type "â•­â”€ Test Runner (Debug Mode) â”€â”€â”€â”€â”€â”€â”€â”€â”€â”€â”€â”€â”€â”€â”€â”€â”€â”€â”€â”€â”€â”€â”€â”€â”€â”€â•®"
Sleep 100ms
Enter
Type "â”‚                                                      â”‚"
Sleep 100ms
Enter
Type "â”‚ ðŸ” Detecting test framework...                      â”‚"
Sleep 500ms
Enter
Type "â”‚   âœ“ Found: pytest (Python)                          â”‚"
Sleep 100ms
Enter
Type "â”‚                                                      â”‚"
Sleep 500ms
Enter
Type "â”‚ ðŸ§ª Running tests...                                 â”‚"
Sleep 500ms
Enter
Type "â”‚                                                      â”‚"
Sleep 100ms
Enter
Type "â”‚   tests/test_auth.py::test_login âœ“                  â”‚"
Sleep 100ms
Enter
Type "â”‚   tests/test_auth.py::test_logout âœ“                 â”‚"
Sleep 100ms
Enter
Type "â”‚   tests/test_api.py::test_create_user âœ“             â”‚"
Sleep 100ms
Enter
Type "â”‚   tests/test_api.py::test_get_user âœ“                â”‚"
Sleep 100ms
Enter
Type "â”‚   tests/test_models.py::test_user_model âœ“           â”‚"
Sleep 100ms
Enter
Type "â”‚   tests/test_models.py::test_validation âœ—           â”‚"
Sleep 100ms
Enter
Type "â”‚                                                      â”‚"
Sleep 500ms
Enter
Type "â”‚ âŒ FAILED: tests/test_models.py::test_validation    â”‚"
Sleep 100ms
Enter
Type "â”‚                                                      â”‚"
Sleep 100ms
Enter
Type "â”‚   AssertionError: Expected 'Invalid email'          â”‚"
Sleep 100ms
Enter
Type "â”‚   Got: 'Email format is invalid'                    â”‚"
Sleep 100ms
Enter
Type "â”‚                                                      â”‚"
Sleep 500ms
Enter
Type "â”‚ ðŸ“Š Results:                                          â”‚"
Sleep 100ms
Enter
Type "â”‚   â€¢ 5 passed                                         â”‚"
Sleep 100ms
Enter
Type "â”‚   â€¢ 1 failed                                         â”‚"
Sleep 100ms
Enter
Type "â”‚   â€¢ Coverage: 87%                                    â”‚"
Sleep 100ms
Enter
Type "â”‚   â€¢ Duration: 2.4s                                   â”‚"
Sleep 100ms
Enter
Type "â”‚                                                      â”‚"
Sleep 500ms
Enter
Type "â”‚ ðŸ’¡ Suggestions:                                      â”‚"
Sleep 100ms
Enter
Type "â”‚   â€¢ Update error message in test_validation         â”‚"
Sleep 100ms
Enter
Type "â”‚   â€¢ Add tests for edge cases                        â”‚"
Sleep 100ms
Enter
Type "â”‚   â€¢ Increase coverage to > 90%                      â”‚"
Sleep 100ms
Enter
Type "â•°â”€â”€â”€â”€â”€â”€â”€â”€â”€â”€â”€â”€â”€â”€â”€â”€â”€â”€â”€â”€â”€â”€â”€â”€â”€â”€â”€â”€â”€â”€â”€â”€â”€â”€â”€â”€â”€â”€â”€â”€â”€â”€â”€â”€â”€â”€â”€â”€â”€â”€â”€â”€â”€â”€â•¯"
Sleep 2s
Enter
Sleep 1s

Type "# Debug mode shows detailed output and suggestions!"
Sleep 2s
Enter
Sleep 2s
